<?xml version="1.0" encoding="UTF-8"?>
<!-- Generated by org.testng.reporters.JUnitReportReporter -->
<testsuite hostname="LAPTOP-SMSC3E5O" failures="0" tests="1" name="day1.NewTest" time="0.020" errors="0" timestamp="05 Apr 2019 02:38:57 GMT" skipped="0">
  <testcase classname="day1.NewTest" name="f" time="0.020"/>
</testsuite> <!-- day1.NewTest -->
